c:\users\zhous\source\repos\pmangersystem\x64\debug\vc143.pdb
c:\users\zhous\source\repos\pmangersystem\x64\debug\vc143.idb
c:\users\zhous\source\repos\pmangersystem\x64\debug\view.obj
c:\users\zhous\source\repos\pmangersystem\x64\debug\json_writer.obj
c:\users\zhous\source\repos\pmangersystem\x64\debug\json_value.obj
c:\users\zhous\source\repos\pmangersystem\x64\debug\json_reader.obj
c:\users\zhous\source\repos\pmangersystem\x64\debug\pmangersystem.obj
c:\users\zhous\source\repos\pmangersystem\x64\debug\datamg.obj
c:\users\zhous\source\repos\pmangersystem\x64\debug\datajson.obj
c:\users\zhous\source\repos\pmangersystem\x64\debug\data.obj
c:\users\zhous\source\repos\pmangersystem\x64\debug\base64.obj
c:\users\zhous\source\repos\pmangersystem\x64\debug\aes.obj
c:\users\zhous\source\repos\pmangersystem\x64\debug\pmangersystem.pdb
c:\users\zhous\source\repos\pmangersystem\x64\debug\pmangersystem.tlog\cl.command.1.tlog
c:\users\zhous\source\repos\pmangersystem\x64\debug\pmangersystem.tlog\cl.read.1.tlog
c:\users\zhous\source\repos\pmangersystem\x64\debug\pmangersystem.tlog\cl.write.1.tlog
c:\users\zhous\source\repos\pmangersystem\x64\debug\pmangersystem.tlog\link-cvtres.read.1.tlog
c:\users\zhous\source\repos\pmangersystem\x64\debug\pmangersystem.tlog\link-cvtres.write.1.tlog
c:\users\zhous\source\repos\pmangersystem\x64\debug\pmangersystem.tlog\link-rc.read.1.tlog
c:\users\zhous\source\repos\pmangersystem\x64\debug\pmangersystem.tlog\link-rc.write.1.tlog
c:\users\zhous\source\repos\pmangersystem\x64\debug\pmangersystem.tlog\link.21312-cvtres.read.1.tlog
c:\users\zhous\source\repos\pmangersystem\x64\debug\pmangersystem.tlog\link.21312-cvtres.write.1.tlog
c:\users\zhous\source\repos\pmangersystem\x64\debug\pmangersystem.tlog\link.21312-rc.read.1.tlog
c:\users\zhous\source\repos\pmangersystem\x64\debug\pmangersystem.tlog\link.21312-rc.write.1.tlog
c:\users\zhous\source\repos\pmangersystem\x64\debug\pmangersystem.tlog\link.21312.read.1.tlog
c:\users\zhous\source\repos\pmangersystem\x64\debug\pmangersystem.tlog\link.21312.read.3.tlog
c:\users\zhous\source\repos\pmangersystem\x64\debug\pmangersystem.tlog\link.21312.write.1.tlog
c:\users\zhous\source\repos\pmangersystem\x64\debug\pmangersystem.tlog\link.command.1.tlog
c:\users\zhous\source\repos\pmangersystem\x64\debug\pmangersystem.tlog\link.read.1.tlog
c:\users\zhous\source\repos\pmangersystem\x64\debug\pmangersystem.tlog\link.read.2.tlog
c:\users\zhous\source\repos\pmangersystem\x64\debug\pmangersystem.tlog\link.write.1.tlog
